2022-05-06 14:03:30,294 INFO [root] [__init__.py(<module>:5)] - info
2022-05-06 14:03:30,294 ERROR [root] [__init__.py(<module>:6)] - error
2022-05-06 14:03:30,468 INFO [root] [login_param.py(test001get_img_code:34)] - r = 0.4085365040718858 get_ImgCode = <Response [200]>
2022-05-06 14:03:30,507 INFO [root] [login_param.py(test001get_img_code:34)] - r = 5275 get_ImgCode = <Response [200]>
2022-05-06 14:03:30,541 INFO [root] [login_param.py(test001get_img_code:34)] - r =  get_ImgCode = <Response [404]>
2022-05-06 14:03:30,584 INFO [root] [login_param.py(test001get_img_code:34)] - r = ffdsd get_ImgCode = <Response [400]>
2022-05-06 14:03:30,628 INFO [root] [login_param.py(test002get_sms_code:41)] - r = 0.2541692290983295 get_ImgCode = <Response [200]>
2022-05-06 14:03:30,648 INFO [root] [login_param.py(test002get_sms_code:44)] - get_SmsCode = {'status': 100, 'description': '图片验证码错误'}
2022-05-06 14:03:30,691 INFO [root] [login_param.py(test002get_sms_code:41)] - r = 0.2541692290983295 get_ImgCode = <Response [200]>
2022-05-06 14:03:30,709 INFO [root] [login_param.py(test002get_sms_code:44)] - get_SmsCode = {'status': 100, 'description': '图片验证码错误'}
2022-05-06 14:03:30,754 INFO [root] [login_param.py(test002get_sms_code:41)] - r = 0.2541692290983295 get_ImgCode = <Response [200]>
2022-05-06 14:03:30,774 INFO [root] [login_param.py(test002get_sms_code:44)] - get_SmsCode = {'status': 100, 'description': '图片验证码错误'}
2022-05-06 14:03:30,949 INFO [root] [login_param.py(test005_register:68)] - get_SmsCode = {'status': 200, 'description': '短信发送成功'}
2022-05-06 14:03:30,969 INFO [root] [login_param.py(test005_register:73)] - register = {'status': 100, 'description': '验证码不能为空!'}
2022-05-06 14:03:31,046 INFO [root] [login_param.py(test005_register:68)] - get_SmsCode = {'status': 200, 'description': '短信发送成功'}
2022-05-06 14:03:31,065 INFO [root] [login_param.py(test005_register:73)] - register = {'status': 100, 'description': '验证码不能为空!'}
2022-05-06 14:03:31,155 INFO [root] [login_param.py(test005_register:68)] - get_SmsCode = {'status': 200, 'description': '短信发送成功'}
2022-05-06 14:03:31,179 INFO [root] [login_param.py(test005_register:73)] - register = {'status': 100, 'description': '验证码不能为空!'}
2022-05-06 14:03:31,247 INFO [root] [login_param.py(test005_register:68)] - get_SmsCode = {'status': 200, 'description': '短信发送成功'}
2022-05-06 14:03:31,264 INFO [root] [login_param.py(test005_register:73)] - register = {'status': 100, 'description': '验证码不能为空!'}
2022-05-06 14:03:31,342 INFO [root] [login_param.py(test005_register:68)] - get_SmsCode = {'status': 200, 'description': '短信发送成功'}
2022-05-06 14:03:31,363 INFO [root] [login_param.py(test005_register:73)] - register = {'status': 100, 'description': '验证码不能为空!'}
2022-05-06 14:03:31,448 INFO [root] [login_param.py(test005_register:68)] - get_SmsCode = {'status': 200, 'description': '短信发送成功'}
2022-05-06 14:03:31,471 INFO [root] [login_param.py(test005_register:73)] - register = {'status': 100, 'description': '验证码不能为空!'}
2022-05-06 14:03:31,548 INFO [root] [login_param.py(test005_register:68)] - get_SmsCode = {'status': 200, 'description': '短信发送成功'}
2022-05-06 14:03:31,569 INFO [root] [login_param.py(test005_register:73)] - register = {'status': 100, 'description': '验证码不能为空!'}
2022-05-06 14:03:31,613 INFO [root] [login_param.py(test007_user_login_PwdError_finallyLoginSucceed:87)] - login response = {'status': 100, 'description': '用户不存在'}
