2022-05-06 13:28:59,608 INFO [root] [__init__.py(<module>:5)] - info
2022-05-06 13:28:59,609 ERROR [root] [__init__.py(<module>:6)] - error
2022-05-06 13:28:59,894 INFO [root] [login_param.py(tearDown:23)] - delete sql = delete from mb_member_register_log where phone in ('13992345679','13822345678','13832345679','13992345679');
2022-05-06 13:28:59,972 INFO [root] [login_param.py(tearDown:26)] - delete sq2 = delete i.* from mb_member_login_log i INNER JOIN mb_member m on i.member_id = m.id WHERE m.phone in ('13992345679','13822345678','13832345679','13992345679');
2022-05-06 13:29:00,032 INFO [root] [login_param.py(tearDown:29)] - delete sq3 = delete i.* from mb_member_info i INNER JOIN mb_member m on i.member_id = m.id WHERE m.phone in ('13992345679','13822345678','13832345679','13992345679');
2022-05-06 13:29:00,113 INFO [root] [login_param.py(tearDown:32)] - delete sq4 = delete from mb_member WHERE phone in ('13992345679','13822345678','13832345679','13992345679');
2022-05-06 13:29:00,248 INFO [root] [login_param.py(tearDown:23)] - delete sql = delete from mb_member_register_log where phone in ('13992345679','13822345678','13832345679','13992345679');
2022-05-06 13:29:00,321 INFO [root] [login_param.py(tearDown:26)] - delete sq2 = delete i.* from mb_member_login_log i INNER JOIN mb_member m on i.member_id = m.id WHERE m.phone in ('13992345679','13822345678','13832345679','13992345679');
2022-05-06 13:29:00,379 INFO [root] [login_param.py(tearDown:29)] - delete sq3 = delete i.* from mb_member_info i INNER JOIN mb_member m on i.member_id = m.id WHERE m.phone in ('13992345679','13822345678','13832345679','13992345679');
2022-05-06 13:29:00,450 INFO [root] [login_param.py(tearDown:32)] - delete sq4 = delete from mb_member WHERE phone in ('13992345679','13822345678','13832345679','13992345679');
2022-05-06 13:29:00,559 INFO [root] [login_param.py(tearDown:23)] - delete sql = delete from mb_member_register_log where phone in ('13992345679','13822345678','13832345679','13992345679');
2022-05-06 13:29:00,629 INFO [root] [login_param.py(tearDown:26)] - delete sq2 = delete i.* from mb_member_login_log i INNER JOIN mb_member m on i.member_id = m.id WHERE m.phone in ('13992345679','13822345678','13832345679','13992345679');
2022-05-06 13:29:00,706 INFO [root] [login_param.py(tearDown:29)] - delete sq3 = delete i.* from mb_member_info i INNER JOIN mb_member m on i.member_id = m.id WHERE m.phone in ('13992345679','13822345678','13832345679','13992345679');
2022-05-06 13:29:00,783 INFO [root] [login_param.py(tearDown:32)] - delete sq4 = delete from mb_member WHERE phone in ('13992345679','13822345678','13832345679','13992345679');
2022-05-06 13:29:00,907 INFO [root] [login_param.py(tearDown:23)] - delete sql = delete from mb_member_register_log where phone in ('13992345679','13822345678','13832345679','13992345679');
2022-05-06 13:29:00,987 INFO [root] [login_param.py(tearDown:26)] - delete sq2 = delete i.* from mb_member_login_log i INNER JOIN mb_member m on i.member_id = m.id WHERE m.phone in ('13992345679','13822345678','13832345679','13992345679');
2022-05-06 13:29:01,057 INFO [root] [login_param.py(tearDown:29)] - delete sq3 = delete i.* from mb_member_info i INNER JOIN mb_member m on i.member_id = m.id WHERE m.phone in ('13992345679','13822345678','13832345679','13992345679');
2022-05-06 13:29:01,116 INFO [root] [login_param.py(tearDown:32)] - delete sq4 = delete from mb_member WHERE phone in ('13992345679','13822345678','13832345679','13992345679');
2022-05-06 13:29:01,156 INFO [root] [login_param.py(test002get_sms_code:53)] - r = 0.8531553642351358 get_ImgCode = <Response [200]>
2022-05-06 13:29:01,175 INFO [root] [login_param.py(test002get_sms_code:56)] - get_SmsCode = {'status': 100, 'description': '图片验证码错误'}
2022-05-06 13:29:01,237 INFO [root] [login_param.py(tearDown:23)] - delete sql = delete from mb_member_register_log where phone in ('13992345679','13822345678','13832345679','13992345679');
2022-05-06 13:29:01,296 INFO [root] [login_param.py(tearDown:26)] - delete sq2 = delete i.* from mb_member_login_log i INNER JOIN mb_member m on i.member_id = m.id WHERE m.phone in ('13992345679','13822345678','13832345679','13992345679');
2022-05-06 13:29:01,363 INFO [root] [login_param.py(tearDown:29)] - delete sq3 = delete i.* from mb_member_info i INNER JOIN mb_member m on i.member_id = m.id WHERE m.phone in ('13992345679','13822345678','13832345679','13992345679');
2022-05-06 13:29:01,423 INFO [root] [login_param.py(tearDown:32)] - delete sq4 = delete from mb_member WHERE phone in ('13992345679','13822345678','13832345679','13992345679');
2022-05-06 13:29:01,476 INFO [root] [login_param.py(test002get_sms_code:53)] - r = 0.8531553642351358 get_ImgCode = <Response [200]>
2022-05-06 13:29:01,500 INFO [root] [login_param.py(test002get_sms_code:56)] - get_SmsCode = {'status': 100, 'description': '图片验证码错误'}
2022-05-06 13:29:01,579 INFO [root] [login_param.py(tearDown:23)] - delete sql = delete from mb_member_register_log where phone in ('13992345679','13822345678','13832345679','13992345679');
2022-05-06 13:29:01,655 INFO [root] [login_param.py(tearDown:26)] - delete sq2 = delete i.* from mb_member_login_log i INNER JOIN mb_member m on i.member_id = m.id WHERE m.phone in ('13992345679','13822345678','13832345679','13992345679');
2022-05-06 13:29:01,723 INFO [root] [login_param.py(tearDown:29)] - delete sq3 = delete i.* from mb_member_info i INNER JOIN mb_member m on i.member_id = m.id WHERE m.phone in ('13992345679','13822345678','13832345679','13992345679');
2022-05-06 13:29:01,792 INFO [root] [login_param.py(tearDown:32)] - delete sq4 = delete from mb_member WHERE phone in ('13992345679','13822345678','13832345679','13992345679');
2022-05-06 13:29:01,843 INFO [root] [login_param.py(test002get_sms_code:53)] - r = 0.8531553642351358 get_ImgCode = <Response [200]>
2022-05-06 13:29:01,867 INFO [root] [login_param.py(test002get_sms_code:56)] - get_SmsCode = {'status': 100, 'description': '图片验证码错误'}
2022-05-06 13:29:01,937 INFO [root] [login_param.py(tearDown:23)] - delete sql = delete from mb_member_register_log where phone in ('13992345679','13822345678','13832345679','13992345679');
2022-05-06 13:29:02,016 INFO [root] [login_param.py(tearDown:26)] - delete sq2 = delete i.* from mb_member_login_log i INNER JOIN mb_member m on i.member_id = m.id WHERE m.phone in ('13992345679','13822345678','13832345679','13992345679');
2022-05-06 13:29:02,088 INFO [root] [login_param.py(tearDown:29)] - delete sq3 = delete i.* from mb_member_info i INNER JOIN mb_member m on i.member_id = m.id WHERE m.phone in ('13992345679','13822345678','13832345679','13992345679');
2022-05-06 13:29:02,170 INFO [root] [login_param.py(tearDown:32)] - delete sq4 = delete from mb_member WHERE phone in ('13992345679','13822345678','13832345679','13992345679');
2022-05-06 13:29:02,348 INFO [root] [login_param.py(tearDown:23)] - delete sql = delete from mb_member_register_log where phone in ('13992345679','13822345678','13832345679','13992345679');
2022-05-06 13:29:02,428 INFO [root] [login_param.py(tearDown:26)] - delete sq2 = delete i.* from mb_member_login_log i INNER JOIN mb_member m on i.member_id = m.id WHERE m.phone in ('13992345679','13822345678','13832345679','13992345679');
2022-05-06 13:29:02,500 INFO [root] [login_param.py(tearDown:29)] - delete sq3 = delete i.* from mb_member_info i INNER JOIN mb_member m on i.member_id = m.id WHERE m.phone in ('13992345679','13822345678','13832345679','13992345679');
2022-05-06 13:29:02,570 INFO [root] [login_param.py(tearDown:32)] - delete sq4 = delete from mb_member WHERE phone in ('13992345679','13822345678','13832345679','13992345679');
2022-05-06 13:29:02,667 INFO [root] [login_param.py(tearDown:23)] - delete sql = delete from mb_member_register_log where phone in ('13992345679','13822345678','13832345679','13992345679');
2022-05-06 13:29:02,743 INFO [root] [login_param.py(tearDown:26)] - delete sq2 = delete i.* from mb_member_login_log i INNER JOIN mb_member m on i.member_id = m.id WHERE m.phone in ('13992345679','13822345678','13832345679','13992345679');
2022-05-06 13:29:02,819 INFO [root] [login_param.py(tearDown:29)] - delete sq3 = delete i.* from mb_member_info i INNER JOIN mb_member m on i.member_id = m.id WHERE m.phone in ('13992345679','13822345678','13832345679','13992345679');
2022-05-06 13:29:02,889 INFO [root] [login_param.py(tearDown:32)] - delete sq4 = delete from mb_member WHERE phone in ('13992345679','13822345678','13832345679','13992345679');
2022-05-06 13:29:02,955 INFO [root] [login_param.py(test005_register:80)] - get_SmsCode = {'status': 200, 'description': '短信发送成功'}
2022-05-06 13:29:02,973 INFO [root] [login_param.py(test005_register:85)] - register = {'status': 100, 'description': '验证码不能为空!'}
2022-05-06 13:29:03,043 INFO [root] [login_param.py(tearDown:23)] - delete sql = delete from mb_member_register_log where phone in ('13992345679','13822345678','13832345679','13992345679');
2022-05-06 13:29:03,111 INFO [root] [login_param.py(tearDown:26)] - delete sq2 = delete i.* from mb_member_login_log i INNER JOIN mb_member m on i.member_id = m.id WHERE m.phone in ('13992345679','13822345678','13832345679','13992345679');
2022-05-06 13:29:03,179 INFO [root] [login_param.py(tearDown:29)] - delete sq3 = delete i.* from mb_member_info i INNER JOIN mb_member m on i.member_id = m.id WHERE m.phone in ('13992345679','13822345678','13832345679','13992345679');
2022-05-06 13:29:03,247 INFO [root] [login_param.py(tearDown:32)] - delete sq4 = delete from mb_member WHERE phone in ('13992345679','13822345678','13832345679','13992345679');
2022-05-06 13:29:03,335 INFO [root] [login_param.py(test005_register:80)] - get_SmsCode = {'status': 200, 'description': '短信发送成功'}
2022-05-06 13:29:03,359 INFO [root] [login_param.py(test005_register:85)] - register = {'status': 100, 'description': '验证码不能为空!'}
2022-05-06 13:29:03,441 INFO [root] [login_param.py(tearDown:23)] - delete sql = delete from mb_member_register_log where phone in ('13992345679','13822345678','13832345679','13992345679');
2022-05-06 13:29:03,505 INFO [root] [login_param.py(tearDown:26)] - delete sq2 = delete i.* from mb_member_login_log i INNER JOIN mb_member m on i.member_id = m.id WHERE m.phone in ('13992345679','13822345678','13832345679','13992345679');
2022-05-06 13:29:03,575 INFO [root] [login_param.py(tearDown:29)] - delete sq3 = delete i.* from mb_member_info i INNER JOIN mb_member m on i.member_id = m.id WHERE m.phone in ('13992345679','13822345678','13832345679','13992345679');
2022-05-06 13:29:03,646 INFO [root] [login_param.py(tearDown:32)] - delete sq4 = delete from mb_member WHERE phone in ('13992345679','13822345678','13832345679','13992345679');
2022-05-06 13:29:03,713 INFO [root] [login_param.py(test005_register:80)] - get_SmsCode = {'status': 200, 'description': '短信发送成功'}
2022-05-06 13:29:03,730 INFO [root] [login_param.py(test005_register:85)] - register = {'status': 100, 'description': '验证码不能为空!'}
2022-05-06 13:29:03,805 INFO [root] [login_param.py(tearDown:23)] - delete sql = delete from mb_member_register_log where phone in ('13992345679','13822345678','13832345679','13992345679');
2022-05-06 13:29:03,874 INFO [root] [login_param.py(tearDown:26)] - delete sq2 = delete i.* from mb_member_login_log i INNER JOIN mb_member m on i.member_id = m.id WHERE m.phone in ('13992345679','13822345678','13832345679','13992345679');
2022-05-06 13:29:03,941 INFO [root] [login_param.py(tearDown:29)] - delete sq3 = delete i.* from mb_member_info i INNER JOIN mb_member m on i.member_id = m.id WHERE m.phone in ('13992345679','13822345678','13832345679','13992345679');
2022-05-06 13:29:04,012 INFO [root] [login_param.py(tearDown:32)] - delete sq4 = delete from mb_member WHERE phone in ('13992345679','13822345678','13832345679','13992345679');
2022-05-06 13:29:04,096 INFO [root] [login_param.py(test005_register:80)] - get_SmsCode = {'status': 200, 'description': '短信发送成功'}
2022-05-06 13:29:04,119 INFO [root] [login_param.py(test005_register:85)] - register = {'status': 100, 'description': '验证码不能为空!'}
2022-05-06 13:29:04,203 INFO [root] [login_param.py(tearDown:23)] - delete sql = delete from mb_member_register_log where phone in ('13992345679','13822345678','13832345679','13992345679');
2022-05-06 13:29:04,287 INFO [root] [login_param.py(tearDown:26)] - delete sq2 = delete i.* from mb_member_login_log i INNER JOIN mb_member m on i.member_id = m.id WHERE m.phone in ('13992345679','13822345678','13832345679','13992345679');
2022-05-06 13:29:04,353 INFO [root] [login_param.py(tearDown:29)] - delete sq3 = delete i.* from mb_member_info i INNER JOIN mb_member m on i.member_id = m.id WHERE m.phone in ('13992345679','13822345678','13832345679','13992345679');
2022-05-06 13:29:04,424 INFO [root] [login_param.py(tearDown:32)] - delete sq4 = delete from mb_member WHERE phone in ('13992345679','13822345678','13832345679','13992345679');
2022-05-06 13:29:04,501 INFO [root] [login_param.py(test005_register:80)] - get_SmsCode = {'status': 200, 'description': '短信发送成功'}
2022-05-06 13:29:04,521 INFO [root] [login_param.py(test005_register:85)] - register = {'status': 100, 'description': '验证码不能为空!'}
2022-05-06 13:29:04,594 INFO [root] [login_param.py(tearDown:23)] - delete sql = delete from mb_member_register_log where phone in ('13992345679','13822345678','13832345679','13992345679');
2022-05-06 13:29:04,657 INFO [root] [login_param.py(tearDown:26)] - delete sq2 = delete i.* from mb_member_login_log i INNER JOIN mb_member m on i.member_id = m.id WHERE m.phone in ('13992345679','13822345678','13832345679','13992345679');
2022-05-06 13:29:04,717 INFO [root] [login_param.py(tearDown:29)] - delete sq3 = delete i.* from mb_member_info i INNER JOIN mb_member m on i.member_id = m.id WHERE m.phone in ('13992345679','13822345678','13832345679','13992345679');
2022-05-06 13:29:04,796 INFO [root] [login_param.py(tearDown:32)] - delete sq4 = delete from mb_member WHERE phone in ('13992345679','13822345678','13832345679','13992345679');
2022-05-06 13:29:04,875 INFO [root] [login_param.py(test005_register:80)] - get_SmsCode = {'status': 200, 'description': '短信发送成功'}
2022-05-06 13:29:04,897 INFO [root] [login_param.py(test005_register:85)] - register = {'status': 100, 'description': '验证码不能为空!'}
2022-05-06 13:29:04,968 INFO [root] [login_param.py(tearDown:23)] - delete sql = delete from mb_member_register_log where phone in ('13992345679','13822345678','13832345679','13992345679');
2022-05-06 13:29:05,025 INFO [root] [login_param.py(tearDown:26)] - delete sq2 = delete i.* from mb_member_login_log i INNER JOIN mb_member m on i.member_id = m.id WHERE m.phone in ('13992345679','13822345678','13832345679','13992345679');
2022-05-06 13:29:05,092 INFO [root] [login_param.py(tearDown:29)] - delete sq3 = delete i.* from mb_member_info i INNER JOIN mb_member m on i.member_id = m.id WHERE m.phone in ('13992345679','13822345678','13832345679','13992345679');
2022-05-06 13:29:05,165 INFO [root] [login_param.py(tearDown:32)] - delete sq4 = delete from mb_member WHERE phone in ('13992345679','13822345678','13832345679','13992345679');
2022-05-06 13:29:05,244 INFO [root] [login_param.py(test005_register:80)] - get_SmsCode = {'status': 200, 'description': '短信发送成功'}
2022-05-06 13:29:05,265 INFO [root] [login_param.py(test005_register:85)] - register = {'status': 100, 'description': '验证码不能为空!'}
2022-05-06 13:29:05,333 INFO [root] [login_param.py(tearDown:23)] - delete sql = delete from mb_member_register_log where phone in ('13992345679','13822345678','13832345679','13992345679');
2022-05-06 13:29:05,392 INFO [root] [login_param.py(tearDown:26)] - delete sq2 = delete i.* from mb_member_login_log i INNER JOIN mb_member m on i.member_id = m.id WHERE m.phone in ('13992345679','13822345678','13832345679','13992345679');
2022-05-06 13:29:05,463 INFO [root] [login_param.py(tearDown:29)] - delete sq3 = delete i.* from mb_member_info i INNER JOIN mb_member m on i.member_id = m.id WHERE m.phone in ('13992345679','13822345678','13832345679','13992345679');
2022-05-06 13:29:05,535 INFO [root] [login_param.py(tearDown:32)] - delete sq4 = delete from mb_member WHERE phone in ('13992345679','13822345678','13832345679','13992345679');
2022-05-06 13:29:05,621 INFO [root] [login_param.py(tearDown:23)] - delete sql = delete from mb_member_register_log where phone in ('13992345679','13822345678','13832345679','13992345679');
2022-05-06 13:29:05,705 INFO [root] [login_param.py(tearDown:26)] - delete sq2 = delete i.* from mb_member_login_log i INNER JOIN mb_member m on i.member_id = m.id WHERE m.phone in ('13992345679','13822345678','13832345679','13992345679');
2022-05-06 13:29:05,787 INFO [root] [login_param.py(tearDown:29)] - delete sq3 = delete i.* from mb_member_info i INNER JOIN mb_member m on i.member_id = m.id WHERE m.phone in ('13992345679','13822345678','13832345679','13992345679');
2022-05-06 13:29:05,869 INFO [root] [login_param.py(tearDown:32)] - delete sq4 = delete from mb_member WHERE phone in ('13992345679','13822345678','13832345679','13992345679');
2022-05-06 13:29:05,931 INFO [root] [login_param.py(tearDown:23)] - delete sql = delete from mb_member_register_log where phone in ('13992345679','13822345678','13832345679','13992345679');
2022-05-06 13:29:05,999 INFO [root] [login_param.py(tearDown:26)] - delete sq2 = delete i.* from mb_member_login_log i INNER JOIN mb_member m on i.member_id = m.id WHERE m.phone in ('13992345679','13822345678','13832345679','13992345679');
2022-05-06 13:29:06,073 INFO [root] [login_param.py(tearDown:29)] - delete sq3 = delete i.* from mb_member_info i INNER JOIN mb_member m on i.member_id = m.id WHERE m.phone in ('13992345679','13822345678','13832345679','13992345679');
2022-05-06 13:29:06,143 INFO [root] [login_param.py(tearDown:32)] - delete sq4 = delete from mb_member WHERE phone in ('13992345679','13822345678','13832345679','13992345679');
2022-05-06 13:29:06,208 INFO [root] [login_param.py(tearDown:23)] - delete sql = delete from mb_member_register_log where phone in ('13992345679','13822345678','13832345679','13992345679');
2022-05-06 13:29:06,277 INFO [root] [login_param.py(tearDown:26)] - delete sq2 = delete i.* from mb_member_login_log i INNER JOIN mb_member m on i.member_id = m.id WHERE m.phone in ('13992345679','13822345678','13832345679','13992345679');
2022-05-06 13:29:06,347 INFO [root] [login_param.py(tearDown:29)] - delete sq3 = delete i.* from mb_member_info i INNER JOIN mb_member m on i.member_id = m.id WHERE m.phone in ('13992345679','13822345678','13832345679','13992345679');
2022-05-06 13:29:06,417 INFO [root] [login_param.py(tearDown:32)] - delete sq4 = delete from mb_member WHERE phone in ('13992345679','13822345678','13832345679','13992345679');
2022-05-06 13:29:06,459 INFO [root] [login_param.py(test007_user_login_PwdError_finallyLoginSucceed:99)] - login response = {'status': 100, 'description': '用户不存在'}
2022-05-06 13:29:06,534 INFO [root] [login_param.py(tearDown:23)] - delete sql = delete from mb_member_register_log where phone in ('13992345679','13822345678','13832345679','13992345679');
2022-05-06 13:29:06,608 INFO [root] [login_param.py(tearDown:26)] - delete sq2 = delete i.* from mb_member_login_log i INNER JOIN mb_member m on i.member_id = m.id WHERE m.phone in ('13992345679','13822345678','13832345679','13992345679');
2022-05-06 13:29:06,666 INFO [root] [login_param.py(tearDown:29)] - delete sq3 = delete i.* from mb_member_info i INNER JOIN mb_member m on i.member_id = m.id WHERE m.phone in ('13992345679','13822345678','13832345679','13992345679');
2022-05-06 13:29:06,726 INFO [root] [login_param.py(tearDown:32)] - delete sq4 = delete from mb_member WHERE phone in ('13992345679','13822345678','13832345679','13992345679');
