2022-05-06 14:24:01,522 INFO [root] [__init__.py(<module>:5)] - info
2022-05-06 14:24:01,522 ERROR [root] [__init__.py(<module>:6)] - error
2022-05-06 14:24:01,710 INFO [root] [login_param.py(setUpClass:18)] - delete sql = delete from mb_member_register_log where phone in ('13992345679','13822345678','13832345679','13982345679');
2022-05-06 14:24:01,796 INFO [root] [login_param.py(setUpClass:21)] - delete sq2 = delete i.* from mb_member_login_log i INNER JOIN mb_member m on i.member_id = m.id WHERE m.phone in ('13992345679','13822345678','13832345679','13982345679');
2022-05-06 14:24:01,866 INFO [root] [login_param.py(setUpClass:24)] - delete sq3 = delete i.* from mb_member_info i INNER JOIN mb_member m on i.member_id = m.id WHERE m.phone in ('13992345679','13822345678','13832345679','13982345679');
2022-05-06 14:24:01,954 INFO [root] [login_param.py(setUpClass:27)] - delete sq4 = delete from mb_member WHERE phone in ('13992345679','13822345678','13832345679','13982345679');
2022-05-06 14:24:02,055 INFO [root] [login_param.py(test001get_img_code:49)] - r = 0.7207255975598048 get_ImgCode = <Response [200]>
2022-05-06 14:24:02,098 INFO [root] [login_param.py(test001get_img_code:49)] - r = 5969 get_ImgCode = <Response [200]>
2022-05-06 14:24:02,139 INFO [root] [login_param.py(test001get_img_code:49)] - r =  get_ImgCode = <Response [404]>
2022-05-06 14:24:02,174 INFO [root] [login_param.py(test001get_img_code:49)] - r = fdgad get_ImgCode = <Response [400]>
2022-05-06 14:24:02,223 INFO [root] [login_param.py(test002get_sms_code:56)] - r = 0.4192278929669745 get_ImgCode = <Response [200]>
2022-05-06 14:24:02,258 INFO [root] [login_param.py(test002get_sms_code:59)] - get_SmsCode = {'status': 200, 'description': '短信发送成功'}
2022-05-06 14:24:02,302 INFO [root] [login_param.py(test002get_sms_code:56)] - r = 0.4192278929669745 get_ImgCode = <Response [200]>
2022-05-06 14:24:02,323 INFO [root] [login_param.py(test002get_sms_code:59)] - get_SmsCode = {'status': 100, 'description': '图片验证码错误'}
2022-05-06 14:24:02,368 INFO [root] [login_param.py(test002get_sms_code:56)] - r = 0.4192278929669745 get_ImgCode = <Response [200]>
2022-05-06 14:24:02,390 INFO [root] [login_param.py(test002get_sms_code:59)] - get_SmsCode = {'status': 100, 'description': '图片验证码错误'}
2022-05-06 14:24:02,579 INFO [root] [login_param.py(test005_register:83)] - get_SmsCode = {'status': 200, 'description': '短信发送成功'}
2022-05-06 14:24:02,626 INFO [root] [login_param.py(test005_register:88)] - register = {'status': 200, 'data': {'isLogin': '1'}, 'description': '注册成功'}
2022-05-06 14:24:02,708 INFO [root] [login_param.py(test005_register:83)] - get_SmsCode = {'status': 200, 'description': '短信发送成功'}
2022-05-06 14:24:02,757 INFO [root] [login_param.py(test005_register:88)] - register = {'status': 200, 'data': {'isLogin': '1'}, 'description': '注册成功'}
2022-05-06 14:24:02,830 INFO [root] [login_param.py(test005_register:83)] - get_SmsCode = {'status': 200, 'description': '短信发送成功'}
2022-05-06 14:24:02,874 INFO [root] [login_param.py(test005_register:88)] - register = {'status': 200, 'data': {'isLogin': '1'}, 'description': '注册成功'}
2022-05-06 14:24:02,962 INFO [root] [login_param.py(test005_register:83)] - get_SmsCode = {'status': 200, 'description': '短信发送成功'}
2022-05-06 14:24:02,986 INFO [root] [login_param.py(test005_register:88)] - register = {'status': 100, 'description': '验证码错误!'}
2022-05-06 14:24:03,054 INFO [root] [login_param.py(test005_register:83)] - get_SmsCode = {'status': 200, 'description': '短信发送成功'}
2022-05-06 14:24:03,073 INFO [root] [login_param.py(test005_register:88)] - register = {'status': 100, 'description': '验证码错误'}
2022-05-06 14:24:03,149 INFO [root] [login_param.py(test005_register:83)] - get_SmsCode = {'status': 200, 'description': '短信发送成功'}
2022-05-06 14:24:03,194 INFO [root] [login_param.py(test005_register:88)] - register = {'status': 200, 'data': {'isLogin': '1'}, 'description': '注册成功'}
2022-05-06 14:24:03,284 INFO [root] [login_param.py(test005_register:83)] - get_SmsCode = {'status': 200, 'description': '短信发送成功'}
2022-05-06 14:24:03,310 INFO [root] [login_param.py(test005_register:88)] - register = {'status': 100, 'description': '手机已存在!'}
2022-05-06 14:24:03,362 INFO [root] [login_param.py(test006_login:95)] - login response = {'status': 200, 'description': '登录成功'}
2022-05-06 14:24:03,411 INFO [root] [login_param.py(test006_login:95)] - login response = {'status': 100, 'description': '用户不存在'}
2022-05-06 14:24:03,445 INFO [root] [login_param.py(test006_login:95)] - login response = {'status': 100, 'description': '密码不能为空'}
2022-05-06 14:24:03,493 INFO [root] [login_param.py(test007_user_login_PwdError_finallyLoginSucceed:101)] - login response = {'status': 100, 'data': {'login_error': 2}, 'description': '密码错误1次,达到3次将锁定账户'}
2022-05-06 14:24:03,521 INFO [root] [login_param.py(test007_user_login_PwdError_finallyLoginSucceed:104)] - login response = {'status': 100, 'data': {'login_error': 3}, 'description': '密码错误2次,达到3次将锁定账户'}
2022-05-06 14:24:03,551 INFO [root] [login_param.py(test007_user_login_PwdError_finallyLoginSucceed:107)] - login response = {'status': 100, 'description': '由于连续输入错误密码达到上限，账号已被锁定，请于1.0分钟后重新登录'}
2022-05-06 14:24:03,576 INFO [root] [login_param.py(test007_user_login_PwdError_finallyLoginSucceed:110)] - login response = {'status': 100, 'description': '由于连续输入错误密码达到上限，账号已被锁定，请于1.0分钟后重新登录'}
2022-05-06 14:25:03,615 INFO [root] [login_param.py(test007_user_login_PwdError_finallyLoginSucceed:114)] - login response = {'status': 200, 'description': '登录成功'}
