2022-05-06 13:32:44,036 INFO [root] [__init__.py(<module>:5)] - info
2022-05-06 13:32:44,036 ERROR [root] [__init__.py(<module>:6)] - error
2022-05-06 13:32:44,372 INFO [root] [login_param.py(test002get_sms_code:41)] - r = 0.9571575295549505 get_ImgCode = <Response [200]>
2022-05-06 13:32:44,392 INFO [root] [login_param.py(test002get_sms_code:44)] - get_SmsCode = {'status': 100, 'description': '图片验证码错误'}
2022-05-06 13:32:44,437 INFO [root] [login_param.py(test002get_sms_code:41)] - r = 0.9571575295549505 get_ImgCode = <Response [200]>
2022-05-06 13:32:44,457 INFO [root] [login_param.py(test002get_sms_code:44)] - get_SmsCode = {'status': 100, 'description': '图片验证码错误'}
2022-05-06 13:32:44,509 INFO [root] [login_param.py(test002get_sms_code:41)] - r = 0.9571575295549505 get_ImgCode = <Response [200]>
2022-05-06 13:32:44,532 INFO [root] [login_param.py(test002get_sms_code:44)] - get_SmsCode = {'status': 100, 'description': '图片验证码错误'}
2022-05-06 13:32:44,712 INFO [root] [login_param.py(test005_register:68)] - get_SmsCode = {'status': 200, 'description': '短信发送成功'}
2022-05-06 13:32:44,732 INFO [root] [login_param.py(test005_register:73)] - register = {'status': 100, 'description': '验证码不能为空!'}
2022-05-06 13:32:44,808 INFO [root] [login_param.py(test005_register:68)] - get_SmsCode = {'status': 200, 'description': '短信发送成功'}
2022-05-06 13:32:44,828 INFO [root] [login_param.py(test005_register:73)] - register = {'status': 100, 'description': '验证码不能为空!'}
2022-05-06 13:32:44,904 INFO [root] [login_param.py(test005_register:68)] - get_SmsCode = {'status': 200, 'description': '短信发送成功'}
2022-05-06 13:32:44,924 INFO [root] [login_param.py(test005_register:73)] - register = {'status': 100, 'description': '验证码不能为空!'}
2022-05-06 13:32:45,000 INFO [root] [login_param.py(test005_register:68)] - get_SmsCode = {'status': 200, 'description': '短信发送成功'}
2022-05-06 13:32:45,020 INFO [root] [login_param.py(test005_register:73)] - register = {'status': 100, 'description': '验证码不能为空!'}
2022-05-06 13:32:45,087 INFO [root] [login_param.py(test005_register:68)] - get_SmsCode = {'status': 200, 'description': '短信发送成功'}
2022-05-06 13:32:45,105 INFO [root] [login_param.py(test005_register:73)] - register = {'status': 100, 'description': '验证码不能为空!'}
2022-05-06 13:32:45,190 INFO [root] [login_param.py(test005_register:68)] - get_SmsCode = {'status': 200, 'description': '短信发送成功'}
2022-05-06 13:32:45,211 INFO [root] [login_param.py(test005_register:73)] - register = {'status': 100, 'description': '验证码不能为空!'}
2022-05-06 13:32:45,295 INFO [root] [login_param.py(test005_register:68)] - get_SmsCode = {'status': 200, 'description': '短信发送成功'}
2022-05-06 13:32:45,318 INFO [root] [login_param.py(test005_register:73)] - register = {'status': 100, 'description': '验证码不能为空!'}
2022-05-06 13:32:45,367 INFO [root] [login_param.py(test007_user_login_PwdError_finallyLoginSucceed:87)] - login response = {'status': 100, 'description': '用户不存在'}
