2022-05-06 14:20:00,868 INFO [root] [__init__.py(<module>:5)] - info
2022-05-06 14:20:00,869 ERROR [root] [__init__.py(<module>:6)] - error
2022-05-06 14:20:01,061 INFO [root] [login_param.py(setUpClass:18)] - delete sql = delete from mb_member_register_log where phone in ('13992345679','13822345678','13832345679','13982345679');
2022-05-06 14:20:01,142 INFO [root] [login_param.py(setUpClass:21)] - delete sq2 = delete i.* from mb_member_login_log i INNER JOIN mb_member m on i.member_id = m.id WHERE m.phone in ('13992345679','13822345678','13832345679','13982345679');
2022-05-06 14:20:01,212 INFO [root] [login_param.py(setUpClass:24)] - delete sq3 = delete i.* from mb_member_info i INNER JOIN mb_member m on i.member_id = m.id WHERE m.phone in ('13992345679','13822345678','13832345679','13982345679');
2022-05-06 14:20:01,283 INFO [root] [login_param.py(setUpClass:27)] - delete sq4 = delete from mb_member WHERE phone in ('13992345679','13822345678','13832345679','13982345679');
2022-05-06 14:20:01,357 INFO [root] [login_param.py(test001get_img_code:49)] - r = 0.3471881603269291 get_ImgCode = <Response [200]>
2022-05-06 14:20:01,400 INFO [root] [login_param.py(test001get_img_code:49)] - r = 9169 get_ImgCode = <Response [200]>
2022-05-06 14:20:01,441 INFO [root] [login_param.py(test001get_img_code:49)] - r =  get_ImgCode = <Response [404]>
2022-05-06 14:20:01,484 INFO [root] [login_param.py(test001get_img_code:49)] - r = agfsd get_ImgCode = <Response [400]>
2022-05-06 14:20:01,526 INFO [root] [login_param.py(test002get_sms_code:56)] - r = 0.1631510372395808 get_ImgCode = <Response [200]>
2022-05-06 14:20:01,560 INFO [root] [login_param.py(test002get_sms_code:59)] - get_SmsCode = {'status': 200, 'description': '短信发送成功'}
2022-05-06 14:20:01,608 INFO [root] [login_param.py(test002get_sms_code:56)] - r = 0.1631510372395808 get_ImgCode = <Response [200]>
2022-05-06 14:20:01,631 INFO [root] [login_param.py(test002get_sms_code:59)] - get_SmsCode = {'status': 100, 'description': '图片验证码错误'}
2022-05-06 14:20:01,669 INFO [root] [login_param.py(test002get_sms_code:56)] - r = 0.1631510372395808 get_ImgCode = <Response [200]>
2022-05-06 14:20:01,686 INFO [root] [login_param.py(test002get_sms_code:59)] - get_SmsCode = {'status': 100, 'description': '图片验证码错误'}
2022-05-06 14:20:01,863 INFO [root] [login_param.py(test005_register:83)] - get_SmsCode = {'status': 200, 'description': '短信发送成功'}
2022-05-06 14:20:01,904 INFO [root] [login_param.py(test005_register:88)] - register = {'status': 200, 'data': {'isLogin': '1'}, 'description': '注册成功'}
2022-05-06 14:20:01,972 INFO [root] [login_param.py(test005_register:83)] - get_SmsCode = {'status': 200, 'description': '短信发送成功'}
2022-05-06 14:20:02,018 INFO [root] [login_param.py(test005_register:88)] - register = {'status': 200, 'data': {'isLogin': '1'}, 'description': '注册成功'}
2022-05-06 14:20:02,088 INFO [root] [login_param.py(test005_register:83)] - get_SmsCode = {'status': 200, 'description': '短信发送成功'}
2022-05-06 14:20:02,135 INFO [root] [login_param.py(test005_register:88)] - register = {'status': 200, 'data': {'isLogin': '1'}, 'description': '注册成功'}
2022-05-06 14:20:02,225 INFO [root] [login_param.py(test005_register:83)] - get_SmsCode = {'status': 200, 'description': '短信发送成功'}
2022-05-06 14:20:02,248 INFO [root] [login_param.py(test005_register:88)] - register = {'status': 100, 'description': '验证码错误!'}
2022-05-06 14:20:02,317 INFO [root] [login_param.py(test005_register:83)] - get_SmsCode = {'status': 200, 'description': '短信发送成功'}
2022-05-06 14:20:02,337 INFO [root] [login_param.py(test005_register:88)] - register = {'status': 100, 'description': '验证码错误'}
2022-05-06 14:20:02,419 INFO [root] [login_param.py(test005_register:83)] - get_SmsCode = {'status': 200, 'description': '短信发送成功'}
2022-05-06 14:20:02,466 INFO [root] [login_param.py(test005_register:88)] - register = {'status': 200, 'data': {'isLogin': '1'}, 'description': '注册成功'}
2022-05-06 14:20:02,537 INFO [root] [login_param.py(test005_register:83)] - get_SmsCode = {'status': 200, 'description': '短信发送成功'}
2022-05-06 14:20:02,557 INFO [root] [login_param.py(test005_register:88)] - register = {'status': 100, 'description': '手机已存在!'}
2022-05-06 14:20:02,606 INFO [root] [login_param.py(test006_login:95)] - login response = {'status': 200, 'description': '登录成功'}
2022-05-06 14:20:02,663 INFO [root] [login_param.py(test006_login:95)] - login response = {'status': 200, 'description': '登录成功'}
2022-05-06 14:20:02,705 INFO [root] [login_param.py(test006_login:95)] - login response = {'status': 100, 'description': '密码不能为空'}
2022-05-06 14:20:02,752 INFO [root] [login_param.py(test007_user_login_PwdError_finallyLoginSucceed:101)] - login response = {'status': 100, 'data': {'login_error': 2}, 'description': '密码错误1次,达到3次将锁定账户'}
2022-05-06 14:20:02,779 INFO [root] [login_param.py(test007_user_login_PwdError_finallyLoginSucceed:104)] - login response = {'status': 100, 'data': {'login_error': 3}, 'description': '密码错误2次,达到3次将锁定账户'}
2022-05-06 14:20:02,810 INFO [root] [login_param.py(test007_user_login_PwdError_finallyLoginSucceed:107)] - login response = {'status': 100, 'description': '由于连续输入错误密码达到上限，账号已被锁定，请于1.0分钟后重新登录'}
2022-05-06 14:20:02,835 INFO [root] [login_param.py(test007_user_login_PwdError_finallyLoginSucceed:110)] - login response = {'status': 100, 'description': '由于连续输入错误密码达到上限，账号已被锁定，请于1.0分钟后重新登录'}
2022-05-06 14:21:02,878 INFO [root] [login_param.py(test007_user_login_PwdError_finallyLoginSucceed:114)] - login response = {'status': 200, 'description': '登录成功'}
