2022-05-06 11:12:42,445 INFO [root] [__init__.py(<module>:5)] - info
2022-05-06 11:12:42,445 ERROR [root] [__init__.py(<module>:6)] - error
2022-05-06 11:12:42,798 INFO [root] [login_param.py(test002get_sms_code:41)] - r = 0.8107176847994269 get_ImgCode = <Response [200]>
2022-05-06 11:12:42,815 INFO [root] [login_param.py(test002get_sms_code:44)] - get_SmsCode = {'status': 100, 'description': '图片验证码错误'}
2022-05-06 11:12:42,856 INFO [root] [login_param.py(test002get_sms_code:41)] - r = 0.8107176847994269 get_ImgCode = <Response [200]>
2022-05-06 11:12:42,873 INFO [root] [login_param.py(test002get_sms_code:44)] - get_SmsCode = {'status': 100, 'description': '图片验证码错误'}
2022-05-06 11:12:42,919 INFO [root] [login_param.py(test002get_sms_code:41)] - r = 0.8107176847994269 get_ImgCode = <Response [200]>
2022-05-06 11:12:42,940 INFO [root] [login_param.py(test002get_sms_code:44)] - get_SmsCode = {'status': 100, 'description': '图片验证码错误'}
2022-05-06 11:12:43,115 INFO [root] [login_param.py(test005_register:68)] - get_SmsCode = {'status': 200, 'description': '短信发送成功'}
2022-05-06 11:12:43,135 INFO [root] [login_param.py(test005_register:73)] - register = {'status': 100, 'description': '验证码不能为空!'}
2022-05-06 11:12:43,221 INFO [root] [login_param.py(test005_register:68)] - get_SmsCode = {'status': 200, 'description': '短信发送成功'}
2022-05-06 11:12:43,244 INFO [root] [login_param.py(test005_register:73)] - register = {'status': 100, 'description': '验证码不能为空!'}
2022-05-06 11:12:43,313 INFO [root] [login_param.py(test005_register:68)] - get_SmsCode = {'status': 200, 'description': '短信发送成功'}
2022-05-06 11:12:43,331 INFO [root] [login_param.py(test005_register:73)] - register = {'status': 100, 'description': '验证码不能为空!'}
2022-05-06 11:12:43,417 INFO [root] [login_param.py(test005_register:68)] - get_SmsCode = {'status': 200, 'description': '短信发送成功'}
2022-05-06 11:12:43,440 INFO [root] [login_param.py(test005_register:73)] - register = {'status': 100, 'description': '验证码不能为空!'}
2022-05-06 11:12:43,518 INFO [root] [login_param.py(test005_register:68)] - get_SmsCode = {'status': 200, 'description': '短信发送成功'}
2022-05-06 11:12:43,540 INFO [root] [login_param.py(test005_register:73)] - register = {'status': 100, 'description': '验证码不能为空!'}
2022-05-06 11:12:43,607 INFO [root] [login_param.py(test005_register:68)] - get_SmsCode = {'status': 200, 'description': '短信发送成功'}
2022-05-06 11:12:43,624 INFO [root] [login_param.py(test005_register:73)] - register = {'status': 100, 'description': '验证码不能为空!'}
2022-05-06 11:12:43,690 INFO [root] [login_param.py(test005_register:68)] - get_SmsCode = {'status': 200, 'description': '短信发送成功'}
2022-05-06 11:12:43,707 INFO [root] [login_param.py(test005_register:73)] - register = {'status': 100, 'description': '验证码不能为空!'}
2022-05-06 11:12:43,760 INFO [root] [login_param.py(test007_user_login_PwdError_finallyLoginSucceed:87)] - login response = {'status': 100, 'data': {'login_error': 2}, 'description': '密码错误1次,达到3次将锁定账户'}
2022-05-06 11:12:43,783 INFO [root] [login_param.py(test007_user_login_PwdError_finallyLoginSucceed:90)] - login response = {'status': 100, 'data': {'login_error': 3}, 'description': '密码错误2次,达到3次将锁定账户'}
2022-05-06 11:12:43,810 INFO [root] [login_param.py(test007_user_login_PwdError_finallyLoginSucceed:93)] - login response = {'status': 100, 'description': '由于连续输入错误密码达到上限，账号已被锁定，请于1.0分钟后重新登录'}
2022-05-06 11:12:43,831 INFO [root] [login_param.py(test007_user_login_PwdError_finallyLoginSucceed:96)] - login response = {'status': 100, 'description': '由于连续输入错误密码达到上限，账号已被锁定，请于1.0分钟后重新登录'}
2022-05-06 11:13:43,876 INFO [root] [login_param.py(test007_user_login_PwdError_finallyLoginSucceed:100)] - login response = {'status': 200, 'description': '登录成功'}
