2022-05-06 14:04:26,172 INFO [root] [__init__.py(<module>:5)] - info
2022-05-06 14:04:26,172 ERROR [root] [__init__.py(<module>:6)] - error
2022-05-06 14:04:26,350 INFO [root] [login_param.py(test001get_img_code:34)] - r = 0.5216025984271471 get_ImgCode = <Response [200]>
2022-05-06 14:04:26,389 INFO [root] [login_param.py(test001get_img_code:34)] - r = 4070 get_ImgCode = <Response [200]>
2022-05-06 14:04:26,428 INFO [root] [login_param.py(test001get_img_code:34)] - r =  get_ImgCode = <Response [404]>
2022-05-06 14:04:26,469 INFO [root] [login_param.py(test001get_img_code:34)] - r = aaffs get_ImgCode = <Response [400]>
2022-05-06 14:04:26,509 INFO [root] [login_param.py(test002get_sms_code:41)] - r = 0.7342454120890142 get_ImgCode = <Response [200]>
2022-05-06 14:04:26,540 INFO [root] [login_param.py(test002get_sms_code:44)] - get_SmsCode = {'status': 200, 'description': '短信发送成功'}
2022-05-06 14:04:26,589 INFO [root] [login_param.py(test002get_sms_code:41)] - r = 0.7342454120890142 get_ImgCode = <Response [200]>
2022-05-06 14:04:26,612 INFO [root] [login_param.py(test002get_sms_code:44)] - get_SmsCode = {'status': 100, 'description': '图片验证码错误'}
2022-05-06 14:04:26,656 INFO [root] [login_param.py(test002get_sms_code:41)] - r = 0.7342454120890142 get_ImgCode = <Response [200]>
2022-05-06 14:04:26,676 INFO [root] [login_param.py(test002get_sms_code:44)] - get_SmsCode = {'status': 100, 'description': '图片验证码错误'}
2022-05-06 14:04:26,857 INFO [root] [login_param.py(test005_register:67)] - get_SmsCode = {'status': 200, 'description': '短信发送成功'}
2022-05-06 14:04:26,907 INFO [root] [login_param.py(test005_register:72)] - register = {'status': 200, 'data': {'isLogin': '1'}, 'description': '注册成功'}
2022-05-06 14:04:26,982 INFO [root] [login_param.py(test005_register:67)] - get_SmsCode = {'status': 200, 'description': '短信发送成功'}
2022-05-06 14:04:27,029 INFO [root] [login_param.py(test005_register:72)] - register = {'status': 200, 'data': {'isLogin': '1'}, 'description': '注册成功'}
2022-05-06 14:04:27,113 INFO [root] [login_param.py(test005_register:67)] - get_SmsCode = {'status': 200, 'description': '短信发送成功'}
2022-05-06 14:04:27,160 INFO [root] [login_param.py(test005_register:72)] - register = {'status': 200, 'data': {'isLogin': '1'}, 'description': '注册成功'}
2022-05-06 14:04:27,242 INFO [root] [login_param.py(test005_register:67)] - get_SmsCode = {'status': 200, 'description': '短信发送成功'}
2022-05-06 14:04:27,264 INFO [root] [login_param.py(test005_register:72)] - register = {'status': 100, 'description': '验证码错误!'}
2022-05-06 14:04:27,335 INFO [root] [login_param.py(test005_register:67)] - get_SmsCode = {'status': 200, 'description': '短信发送成功'}
2022-05-06 14:04:27,355 INFO [root] [login_param.py(test005_register:72)] - register = {'status': 100, 'description': '手机已存在!'}
2022-05-06 14:04:27,431 INFO [root] [login_param.py(test005_register:67)] - get_SmsCode = {'status': 200, 'description': '短信发送成功'}
2022-05-06 14:04:27,453 INFO [root] [login_param.py(test005_register:72)] - register = {'status': 100, 'description': '手机已存在!'}
2022-05-06 14:04:27,537 INFO [root] [login_param.py(test005_register:67)] - get_SmsCode = {'status': 200, 'description': '短信发送成功'}
2022-05-06 14:04:27,562 INFO [root] [login_param.py(test005_register:72)] - register = {'status': 100, 'description': '手机已存在!'}
2022-05-06 14:04:27,612 INFO [root] [login_param.py(test007_user_login_PwdError_finallyLoginSucceed:86)] - login response = {'status': 100, 'data': {'login_error': 2}, 'description': '密码错误1次,达到3次将锁定账户'}
2022-05-06 14:04:27,640 INFO [root] [login_param.py(test007_user_login_PwdError_finallyLoginSucceed:89)] - login response = {'status': 100, 'data': {'login_error': 3}, 'description': '密码错误2次,达到3次将锁定账户'}
2022-05-06 14:04:27,669 INFO [root] [login_param.py(test007_user_login_PwdError_finallyLoginSucceed:92)] - login response = {'status': 100, 'description': '由于连续输入错误密码达到上限，账号已被锁定，请于1.0分钟后重新登录'}
2022-05-06 14:04:27,694 INFO [root] [login_param.py(test007_user_login_PwdError_finallyLoginSucceed:95)] - login response = {'status': 100, 'description': '由于连续输入错误密码达到上限，账号已被锁定，请于1.0分钟后重新登录'}
