2022-05-06 14:02:29,007 INFO [root] [__init__.py(<module>:5)] - info
2022-05-06 14:02:29,007 ERROR [root] [__init__.py(<module>:6)] - error
2022-05-06 14:02:29,395 INFO [root] [login_param.py(test002get_sms_code:41)] - r = 0.7946196998490145 get_ImgCode = <Response [200]>
2022-05-06 14:02:29,418 INFO [root] [login_param.py(test002get_sms_code:44)] - get_SmsCode = {'status': 100, 'description': '图片验证码错误'}
2022-05-06 14:02:29,469 INFO [root] [login_param.py(test002get_sms_code:41)] - r = 0.7946196998490145 get_ImgCode = <Response [200]>
2022-05-06 14:02:29,494 INFO [root] [login_param.py(test002get_sms_code:44)] - get_SmsCode = {'status': 100, 'description': '图片验证码错误'}
2022-05-06 14:02:29,535 INFO [root] [login_param.py(test002get_sms_code:41)] - r = 0.7946196998490145 get_ImgCode = <Response [200]>
2022-05-06 14:02:29,552 INFO [root] [login_param.py(test002get_sms_code:44)] - get_SmsCode = {'status': 100, 'description': '图片验证码错误'}
2022-05-06 14:02:29,754 INFO [root] [login_param.py(test005_register:68)] - get_SmsCode = {'status': 200, 'description': '短信发送成功'}
2022-05-06 14:02:29,776 INFO [root] [login_param.py(test005_register:73)] - register = {'status': 100, 'description': '验证码不能为空!'}
2022-05-06 14:02:29,844 INFO [root] [login_param.py(test005_register:68)] - get_SmsCode = {'status': 200, 'description': '短信发送成功'}
2022-05-06 14:02:29,861 INFO [root] [login_param.py(test005_register:73)] - register = {'status': 100, 'description': '验证码不能为空!'}
2022-05-06 14:02:29,938 INFO [root] [login_param.py(test005_register:68)] - get_SmsCode = {'status': 200, 'description': '短信发送成功'}
2022-05-06 14:02:29,958 INFO [root] [login_param.py(test005_register:73)] - register = {'status': 100, 'description': '验证码不能为空!'}
2022-05-06 14:02:30,041 INFO [root] [login_param.py(test005_register:68)] - get_SmsCode = {'status': 200, 'description': '短信发送成功'}
2022-05-06 14:02:30,064 INFO [root] [login_param.py(test005_register:73)] - register = {'status': 100, 'description': '验证码不能为空!'}
2022-05-06 14:02:30,151 INFO [root] [login_param.py(test005_register:68)] - get_SmsCode = {'status': 200, 'description': '短信发送成功'}
2022-05-06 14:02:30,174 INFO [root] [login_param.py(test005_register:73)] - register = {'status': 100, 'description': '验证码不能为空!'}
2022-05-06 14:02:30,249 INFO [root] [login_param.py(test005_register:68)] - get_SmsCode = {'status': 200, 'description': '短信发送成功'}
2022-05-06 14:02:30,269 INFO [root] [login_param.py(test005_register:73)] - register = {'status': 100, 'description': '验证码不能为空!'}
2022-05-06 14:02:30,337 INFO [root] [login_param.py(test005_register:68)] - get_SmsCode = {'status': 200, 'description': '短信发送成功'}
2022-05-06 14:02:30,354 INFO [root] [login_param.py(test005_register:73)] - register = {'status': 100, 'description': '验证码不能为空!'}
2022-05-06 14:02:30,407 INFO [root] [login_param.py(test007_user_login_PwdError_finallyLoginSucceed:87)] - login response = {'status': 100, 'description': '用户不存在'}
