2022-05-06 14:11:41,616 INFO [root] [__init__.py(<module>:5)] - info
2022-05-06 14:11:41,617 ERROR [root] [__init__.py(<module>:6)] - error
2022-05-06 14:11:41,786 INFO [root] [login_param.py(test001get_img_code:34)] - r = 0.119914263200948 get_ImgCode = <Response [200]>
2022-05-06 14:11:41,837 INFO [root] [login_param.py(test001get_img_code:34)] - r = 8686 get_ImgCode = <Response [200]>
2022-05-06 14:11:41,872 INFO [root] [login_param.py(test001get_img_code:34)] - r =  get_ImgCode = <Response [404]>
2022-05-06 14:11:41,919 INFO [root] [login_param.py(test001get_img_code:34)] - r = afafs get_ImgCode = <Response [400]>
2022-05-06 14:11:41,977 INFO [root] [login_param.py(test002get_sms_code:41)] - r = 0.2717522533422886 get_ImgCode = <Response [200]>
2022-05-06 14:11:42,009 INFO [root] [login_param.py(test002get_sms_code:44)] - get_SmsCode = {'status': 200, 'description': '短信发送成功'}
2022-05-06 14:11:42,056 INFO [root] [login_param.py(test002get_sms_code:41)] - r = 0.2717522533422886 get_ImgCode = <Response [200]>
2022-05-06 14:11:42,079 INFO [root] [login_param.py(test002get_sms_code:44)] - get_SmsCode = {'status': 100, 'description': '图片验证码错误'}
2022-05-06 14:11:42,122 INFO [root] [login_param.py(test002get_sms_code:41)] - r = 0.2717522533422886 get_ImgCode = <Response [200]>
2022-05-06 14:11:42,143 INFO [root] [login_param.py(test002get_sms_code:44)] - get_SmsCode = {'status': 100, 'description': '图片验证码错误'}
2022-05-06 14:11:42,323 INFO [root] [login_param.py(test005_register:67)] - get_SmsCode = {'status': 200, 'description': '短信发送成功'}
2022-05-06 14:11:42,345 INFO [root] [login_param.py(test005_register:72)] - register = {'status': 100, 'description': '手机已存在!'}
2022-05-06 14:11:42,423 INFO [root] [login_param.py(test005_register:67)] - get_SmsCode = {'status': 200, 'description': '短信发送成功'}
2022-05-06 14:11:42,448 INFO [root] [login_param.py(test005_register:72)] - register = {'status': 100, 'description': '手机已存在!'}
2022-05-06 14:11:42,527 INFO [root] [login_param.py(test005_register:67)] - get_SmsCode = {'status': 200, 'description': '短信发送成功'}
2022-05-06 14:11:42,550 INFO [root] [login_param.py(test005_register:72)] - register = {'status': 100, 'description': '手机已存在!'}
2022-05-06 14:11:42,632 INFO [root] [login_param.py(test005_register:67)] - get_SmsCode = {'status': 200, 'description': '短信发送成功'}
2022-05-06 14:11:42,655 INFO [root] [login_param.py(test005_register:72)] - register = {'status': 100, 'description': '验证码错误!'}
2022-05-06 14:11:42,745 INFO [root] [login_param.py(test005_register:67)] - get_SmsCode = {'status': 200, 'description': '短信发送成功'}
2022-05-06 14:11:42,771 INFO [root] [login_param.py(test005_register:72)] - register = {'status': 100, 'description': '手机已存在!'}
2022-05-06 14:11:42,856 INFO [root] [login_param.py(test005_register:67)] - get_SmsCode = {'status': 200, 'description': '短信发送成功'}
2022-05-06 14:11:42,881 INFO [root] [login_param.py(test005_register:72)] - register = {'status': 100, 'description': '手机已存在!'}
2022-05-06 14:11:42,957 INFO [root] [login_param.py(test005_register:67)] - get_SmsCode = {'status': 200, 'description': '短信发送成功'}
2022-05-06 14:11:42,979 INFO [root] [login_param.py(test005_register:72)] - register = {'status': 100, 'description': '手机已存在!'}
2022-05-06 14:11:43,028 INFO [root] [login_param.py(test006_login:79)] - login response = {'status': 100, 'description': '由于连续输入错误密码达到上限，账号已被锁定，请于1.0分钟后重新登录'}
2022-05-06 14:11:43,077 INFO [root] [login_param.py(test006_login:79)] - login response = {'status': 100, 'description': '用户不存在'}
2022-05-06 14:11:43,124 INFO [root] [login_param.py(test006_login:79)] - login response = {'status': 100, 'description': '密码不能为空'}
2022-05-06 14:11:43,167 INFO [root] [login_param.py(test007_user_login_PwdError_finallyLoginSucceed:85)] - login response = {'status': 100, 'description': '由于连续输入错误密码达到上限，账号已被锁定，请于1.0分钟后重新登录'}
