2022-05-06 14:05:37,231 INFO [root] [__init__.py(<module>:5)] - info
2022-05-06 14:05:37,232 ERROR [root] [__init__.py(<module>:6)] - error
2022-05-06 14:05:37,433 INFO [root] [login_param.py(test001get_img_code:34)] - r = 0.812666549653515 get_ImgCode = <Response [200]>
2022-05-06 14:05:37,480 INFO [root] [login_param.py(test001get_img_code:34)] - r = 5447 get_ImgCode = <Response [200]>
2022-05-06 14:05:37,520 INFO [root] [login_param.py(test001get_img_code:34)] - r =  get_ImgCode = <Response [404]>
2022-05-06 14:05:37,560 INFO [root] [login_param.py(test001get_img_code:34)] - r = adgsf get_ImgCode = <Response [400]>
2022-05-06 14:05:37,598 INFO [root] [login_param.py(test002get_sms_code:41)] - r = 0.40985308258216835 get_ImgCode = <Response [200]>
2022-05-06 14:05:37,626 INFO [root] [login_param.py(test002get_sms_code:44)] - get_SmsCode = {'status': 200, 'description': '短信发送成功'}
2022-05-06 14:05:37,669 INFO [root] [login_param.py(test002get_sms_code:41)] - r = 0.40985308258216835 get_ImgCode = <Response [200]>
2022-05-06 14:05:37,689 INFO [root] [login_param.py(test002get_sms_code:44)] - get_SmsCode = {'status': 100, 'description': '图片验证码错误'}
2022-05-06 14:05:37,733 INFO [root] [login_param.py(test002get_sms_code:41)] - r = 0.40985308258216835 get_ImgCode = <Response [200]>
2022-05-06 14:05:37,754 INFO [root] [login_param.py(test002get_sms_code:44)] - get_SmsCode = {'status': 100, 'description': '图片验证码错误'}
2022-05-06 14:05:37,923 INFO [root] [login_param.py(test005_register:67)] - get_SmsCode = {'status': 200, 'description': '短信发送成功'}
2022-05-06 14:05:37,945 INFO [root] [login_param.py(test005_register:72)] - register = {'status': 100, 'description': '手机已存在!'}
2022-05-06 14:05:38,033 INFO [root] [login_param.py(test005_register:67)] - get_SmsCode = {'status': 200, 'description': '短信发送成功'}
2022-05-06 14:05:38,060 INFO [root] [login_param.py(test005_register:72)] - register = {'status': 100, 'description': '手机已存在!'}
2022-05-06 14:05:38,148 INFO [root] [login_param.py(test005_register:67)] - get_SmsCode = {'status': 200, 'description': '短信发送成功'}
2022-05-06 14:05:38,174 INFO [root] [login_param.py(test005_register:72)] - register = {'status': 100, 'description': '手机已存在!'}
2022-05-06 14:05:38,248 INFO [root] [login_param.py(test005_register:67)] - get_SmsCode = {'status': 200, 'description': '短信发送成功'}
2022-05-06 14:05:38,269 INFO [root] [login_param.py(test005_register:72)] - register = {'status': 100, 'description': '验证码错误!'}
2022-05-06 14:05:38,347 INFO [root] [login_param.py(test005_register:67)] - get_SmsCode = {'status': 200, 'description': '短信发送成功'}
2022-05-06 14:05:38,369 INFO [root] [login_param.py(test005_register:72)] - register = {'status': 100, 'description': '手机已存在!'}
2022-05-06 14:05:38,440 INFO [root] [login_param.py(test005_register:67)] - get_SmsCode = {'status': 200, 'description': '短信发送成功'}
2022-05-06 14:05:38,460 INFO [root] [login_param.py(test005_register:72)] - register = {'status': 100, 'description': '手机已存在!'}
2022-05-06 14:05:38,536 INFO [root] [login_param.py(test005_register:67)] - get_SmsCode = {'status': 200, 'description': '短信发送成功'}
2022-05-06 14:05:38,559 INFO [root] [login_param.py(test005_register:72)] - register = {'status': 100, 'description': '手机已存在!'}
2022-05-06 14:05:38,621 INFO [root] [login_param.py(test007_user_login_PwdError_finallyLoginSucceed:85)] - login response = {'status': 100, 'data': {'login_error': 2}, 'description': '密码错误1次,达到3次将锁定账户'}
2022-05-06 14:05:38,649 INFO [root] [login_param.py(test007_user_login_PwdError_finallyLoginSucceed:88)] - login response = {'status': 100, 'data': {'login_error': 3}, 'description': '密码错误2次,达到3次将锁定账户'}
2022-05-06 14:05:38,682 INFO [root] [login_param.py(test007_user_login_PwdError_finallyLoginSucceed:91)] - login response = {'status': 100, 'description': '由于连续输入错误密码达到上限，账号已被锁定，请于1.0分钟后重新登录'}
2022-05-06 14:05:38,706 INFO [root] [login_param.py(test007_user_login_PwdError_finallyLoginSucceed:94)] - login response = {'status': 100, 'description': '由于连续输入错误密码达到上限，账号已被锁定，请于1.0分钟后重新登录'}
2022-05-06 14:06:38,750 INFO [root] [login_param.py(test007_user_login_PwdError_finallyLoginSucceed:98)] - login response = {'status': 200, 'description': '登录成功'}
