2022-05-06 14:18:23,795 INFO [root] [__init__.py(<module>:5)] - info
2022-05-06 14:18:23,795 ERROR [root] [__init__.py(<module>:6)] - error
2022-05-06 14:18:23,993 INFO [root] [login_param.py(setUpClass:18)] - delete sql = delete from mb_member_register_log where phone in ('13992345679','13822345678','13832345679','13982345679');
2022-05-06 14:18:24,090 INFO [root] [login_param.py(setUpClass:21)] - delete sq2 = delete i.* from mb_member_login_log i INNER JOIN mb_member m on i.member_id = m.id WHERE m.phone in ('13992345679','13822345678','13832345679','13982345679');
2022-05-06 14:18:24,161 INFO [root] [login_param.py(setUpClass:24)] - delete sq3 = delete i.* from mb_member_info i INNER JOIN mb_member m on i.member_id = m.id WHERE m.phone in ('13992345679','13822345678','13832345679','13982345679');
2022-05-06 14:18:24,235 INFO [root] [login_param.py(setUpClass:27)] - delete sq4 = delete from mb_member WHERE phone in ('13992345679','13822345678','13832345679','13982345679');
2022-05-06 14:18:24,345 INFO [root] [login_param.py(test001get_img_code:49)] - r = 0.5834259477213419 get_ImgCode = <Response [200]>
2022-05-06 14:18:24,393 INFO [root] [login_param.py(test001get_img_code:49)] - r = 1908 get_ImgCode = <Response [200]>
2022-05-06 14:18:24,428 INFO [root] [login_param.py(test001get_img_code:49)] - r =  get_ImgCode = <Response [404]>
2022-05-06 14:18:24,473 INFO [root] [login_param.py(test001get_img_code:49)] - r = fdsdg get_ImgCode = <Response [400]>
2022-05-06 14:18:24,512 INFO [root] [login_param.py(test002get_sms_code:56)] - r = 0.4087085118174545 get_ImgCode = <Response [200]>
2022-05-06 14:18:24,543 INFO [root] [login_param.py(test002get_sms_code:59)] - get_SmsCode = {'status': 200, 'description': '短信发送成功'}
2022-05-06 14:18:24,592 INFO [root] [login_param.py(test002get_sms_code:56)] - r = 0.4087085118174545 get_ImgCode = <Response [200]>
2022-05-06 14:18:24,615 INFO [root] [login_param.py(test002get_sms_code:59)] - get_SmsCode = {'status': 100, 'description': '图片验证码错误'}
2022-05-06 14:18:24,658 INFO [root] [login_param.py(test002get_sms_code:56)] - r = 0.4087085118174545 get_ImgCode = <Response [200]>
2022-05-06 14:18:24,679 INFO [root] [login_param.py(test002get_sms_code:59)] - get_SmsCode = {'status': 100, 'description': '图片验证码错误'}
2022-05-06 14:18:24,862 INFO [root] [login_param.py(test005_register:83)] - get_SmsCode = {'status': 200, 'description': '短信发送成功'}
2022-05-06 14:18:24,911 INFO [root] [login_param.py(test005_register:88)] - register = {'status': 200, 'data': {'isLogin': '1'}, 'description': '注册成功'}
2022-05-06 14:18:24,992 INFO [root] [login_param.py(test005_register:83)] - get_SmsCode = {'status': 200, 'description': '短信发送成功'}
2022-05-06 14:18:25,039 INFO [root] [login_param.py(test005_register:88)] - register = {'status': 200, 'data': {'isLogin': '1'}, 'description': '注册成功'}
2022-05-06 14:18:25,106 INFO [root] [login_param.py(test005_register:83)] - get_SmsCode = {'status': 200, 'description': '短信发送成功'}
2022-05-06 14:18:25,147 INFO [root] [login_param.py(test005_register:88)] - register = {'status': 200, 'data': {'isLogin': '1'}, 'description': '注册成功'}
2022-05-06 14:18:25,235 INFO [root] [login_param.py(test005_register:83)] - get_SmsCode = {'status': 200, 'description': '短信发送成功'}
2022-05-06 14:18:25,258 INFO [root] [login_param.py(test005_register:88)] - register = {'status': 100, 'description': '验证码错误!'}
2022-05-06 14:18:25,332 INFO [root] [login_param.py(test005_register:83)] - get_SmsCode = {'status': 200, 'description': '短信发送成功'}
2022-05-06 14:18:25,355 INFO [root] [login_param.py(test005_register:88)] - register = {'status': 100, 'description': '验证码错误'}
2022-05-06 14:18:25,439 INFO [root] [login_param.py(test005_register:83)] - get_SmsCode = {'status': 200, 'description': '短信发送成功'}
2022-05-06 14:18:25,484 INFO [root] [login_param.py(test005_register:88)] - register = {'status': 200, 'data': {'isLogin': '1'}, 'description': '注册成功'}
2022-05-06 14:18:25,554 INFO [root] [login_param.py(test005_register:83)] - get_SmsCode = {'status': 200, 'description': '短信发送成功'}
2022-05-06 14:18:25,573 INFO [root] [login_param.py(test005_register:88)] - register = {'status': 100, 'description': '手机已存在!'}
2022-05-06 14:18:25,632 INFO [root] [login_param.py(test006_login:95)] - login response = {'status': 200, 'description': '登录成功'}
2022-05-06 14:18:25,690 INFO [root] [login_param.py(test006_login:95)] - login response = {'status': 200, 'description': '登录成功'}
2022-05-06 14:18:25,732 INFO [root] [login_param.py(test006_login:95)] - login response = {'status': 100, 'description': '密码不能为空'}
2022-05-06 14:18:25,783 INFO [root] [login_param.py(test007_user_login_PwdError_finallyLoginSucceed:101)] - login response = {'status': 100, 'data': {'login_error': 2}, 'description': '密码错误1次,达到3次将锁定账户'}
2022-05-06 14:18:25,813 INFO [root] [login_param.py(test007_user_login_PwdError_finallyLoginSucceed:104)] - login response = {'status': 100, 'data': {'login_error': 3}, 'description': '密码错误2次,达到3次将锁定账户'}
2022-05-06 14:18:25,847 INFO [root] [login_param.py(test007_user_login_PwdError_finallyLoginSucceed:107)] - login response = {'status': 100, 'description': '由于连续输入错误密码达到上限，账号已被锁定，请于1.0分钟后重新登录'}
2022-05-06 14:18:25,874 INFO [root] [login_param.py(test007_user_login_PwdError_finallyLoginSucceed:110)] - login response = {'status': 100, 'description': '由于连续输入错误密码达到上限，账号已被锁定，请于1.0分钟后重新登录'}
2022-05-06 14:19:25,928 INFO [root] [login_param.py(test007_user_login_PwdError_finallyLoginSucceed:114)] - login response = {'status': 200, 'description': '登录成功'}
